[GIN-debug] [WARNING] Running in "debug" mode. Switch to "release" mode in production.
 - using env:	export GIN_MODE=release
 - using code:	gin.SetMode(gin.ReleaseMode)

[GIN-debug] GET    /auth                     --> gin-blog/routers/api.GetAuth (3 handlers)
[GIN-debug] GET    /test                     --> gin-blog/routers.InitRouter.func1 (3 handlers)
[GIN-debug] GET    /api/v1/tags              --> gin-blog/routers/v1.GetTags (4 handlers)
[GIN-debug] POST   /api/v1/tags              --> gin-blog/routers/v1.AddTag (4 handlers)
[GIN-debug] PUT    /api/v1/tags/:id          --> gin-blog/routers/v1.EditTag (4 handlers)
[GIN-debug] DELETE /api/v1/tags/:id          --> gin-blog/routers/v1.DeleteTag (4 handlers)
[GIN-debug] GET    /api/v1/articles          --> gin-blog/routers/v1.GetArticles (4 handlers)
[GIN-debug] GET    /api/v1/articles/:id      --> gin-blog/routers/v1.GetArticle (4 handlers)
[GIN-debug] POST   /api/v1/articles          --> gin-blog/routers/v1.AddArticle (4 handlers)
[GIN-debug] PUT    /api/v1/articles/:id      --> gin-blog/routers/v1.EditArticle (4 handlers)
[GIN-debug] DELETE /api/v1/articles/:id      --> gin-blog/routers/v1.DeleteArticle (4 handlers)
[GIN] 2020/06/11 - 16:01:11 | 200 |    5.640905ms |       127.0.0.1 | GET      "/api/v1/articles?tag_id=2&token=eyJhbGciOiJIUzI1NiIsInR5cCI6IkpXVCJ9.eyJ1c2VybmFtZSI6InRlc3QiLCJwYXNzd29yZCI6InRlc3QxMjM0NTYiLCJleHAiOjE1OTE4NzIzODgsImlzcyI6Imdpbi1ibG9nIn0.Zc-YTQJ0I-9pelq6IREiLmG3ZQmgL-qQacSj_eJTF64"
[GIN] 2020/06/11 - 16:01:12 | 200 |    1.719016ms |       127.0.0.1 | GET      "/api/v1/articles?tag_id=2&token=eyJhbGciOiJIUzI1NiIsInR5cCI6IkpXVCJ9.eyJ1c2VybmFtZSI6InRlc3QiLCJwYXNzd29yZCI6InRlc3QxMjM0NTYiLCJleHAiOjE1OTE4NzIzODgsImlzcyI6Imdpbi1ibG9nIn0.Zc-YTQJ0I-9pelq6IREiLmG3ZQmgL-qQacSj_eJTF64"
[GIN] 2020/06/11 - 16:01:12 | 200 |    2.743758ms |       127.0.0.1 | GET      "/api/v1/articles?tag_id=2&token=eyJhbGciOiJIUzI1NiIsInR5cCI6IkpXVCJ9.eyJ1c2VybmFtZSI6InRlc3QiLCJwYXNzd29yZCI6InRlc3QxMjM0NTYiLCJleHAiOjE1OTE4NzIzODgsImlzcyI6Imdpbi1ibG9nIn0.Zc-YTQJ0I-9pelq6IREiLmG3ZQmgL-qQacSj_eJTF64"
[GIN] 2020/06/11 - 16:01:15 | 200 |     3.34596ms |       127.0.0.1 | GET      "/api/v1/articles?tag_id=2&token=eyJhbGciOiJIUzI1NiIsInR5cCI6IkpXVCJ9.eyJ1c2VybmFtZSI6InRlc3QiLCJwYXNzd29yZCI6InRlc3QxMjM0NTYiLCJleHAiOjE1OTE4NzIzODgsImlzcyI6Imdpbi1ibG9nIn0.Zc-YTQJ0I-9pelq6IREiLmG3ZQmgL-qQacSj_eJTF64"
[GIN] 2020/06/11 - 16:02:15 | 200 |    3.736203ms |       127.0.0.1 | GET      "/api/v1/articles?tag_id=2&token=eyJhbGciOiJIUzI1NiIsInR5cCI6IkpXVCJ9.eyJ1c2VybmFtZSI6InRlc3QiLCJwYXNzd29yZCI6InRlc3QxMjM0NTYiLCJleHAiOjE1OTE4NzIzODgsImlzcyI6Imdpbi1ibG9nIn0.Zc-YTQJ0I-9pelq6IREiLmG3ZQmgL-qQacSj_eJTF64"
[GIN] 2020/06/11 - 16:02:16 | 200 |    2.071522ms |       127.0.0.1 | GET      "/api/v1/articles?tag_id=2&token=eyJhbGciOiJIUzI1NiIsInR5cCI6IkpXVCJ9.eyJ1c2VybmFtZSI6InRlc3QiLCJwYXNzd29yZCI6InRlc3QxMjM0NTYiLCJleHAiOjE1OTE4NzIzODgsImlzcyI6Imdpbi1ibG9nIn0.Zc-YTQJ0I-9pelq6IREiLmG3ZQmgL-qQacSj_eJTF64"
[GIN] 2020/06/11 - 16:02:17 | 200 |    3.308391ms |       127.0.0.1 | GET      "/api/v1/articles?tag_id=2&token=eyJhbGciOiJIUzI1NiIsInR5cCI6IkpXVCJ9.eyJ1c2VybmFtZSI6InRlc3QiLCJwYXNzd29yZCI6InRlc3QxMjM0NTYiLCJleHAiOjE1OTE4NzIzODgsImlzcyI6Imdpbi1ibG9nIn0.Zc-YTQJ0I-9pelq6IREiLmG3ZQmgL-qQacSj_eJTF64"
[GIN] 2020/06/11 - 16:02:17 | 200 |    1.695895ms |       127.0.0.1 | GET      "/api/v1/articles?tag_id=2&token=eyJhbGciOiJIUzI1NiIsInR5cCI6IkpXVCJ9.eyJ1c2VybmFtZSI6InRlc3QiLCJwYXNzd29yZCI6InRlc3QxMjM0NTYiLCJleHAiOjE1OTE4NzIzODgsImlzcyI6Imdpbi1ibG9nIn0.Zc-YTQJ0I-9pelq6IREiLmG3ZQmgL-qQacSj_eJTF64"
[GIN-debug] [WARNING] Running in "debug" mode. Switch to "release" mode in production.
 - using env:	export GIN_MODE=release
 - using code:	gin.SetMode(gin.ReleaseMode)

[GIN-debug] GET    /auth                     --> gin-blog/routers/api.GetAuth (3 handlers)
[GIN-debug] GET    /test                     --> gin-blog/routers.InitRouter.func1 (3 handlers)
[GIN-debug] GET    /api/v1/tags              --> gin-blog/routers/v1.GetTags (4 handlers)
[GIN-debug] POST   /api/v1/tags              --> gin-blog/routers/v1.AddTag (4 handlers)
[GIN-debug] PUT    /api/v1/tags/:id          --> gin-blog/routers/v1.EditTag (4 handlers)
[GIN-debug] DELETE /api/v1/tags/:id          --> gin-blog/routers/v1.DeleteTag (4 handlers)
[GIN-debug] GET    /api/v1/articles          --> gin-blog/routers/v1.GetArticles (4 handlers)
[GIN-debug] GET    /api/v1/articles/:id      --> gin-blog/routers/v1.GetArticle (4 handlers)
[GIN-debug] POST   /api/v1/articles          --> gin-blog/routers/v1.AddArticle (4 handlers)
[GIN-debug] PUT    /api/v1/articles/:id      --> gin-blog/routers/v1.EditArticle (4 handlers)
[GIN-debug] DELETE /api/v1/articles/:id      --> gin-blog/routers/v1.DeleteArticle (4 handlers)
[GIN] 2020/06/11 - 16:45:42 | 200 |    3.340518ms |       127.0.0.1 | GET      "/api/v1/articles?tag_id=2&token=eyJhbGciOiJIUzI1NiIsInR5cCI6IkpXVCJ9.eyJ1c2VybmFtZSI6InRlc3QiLCJwYXNzd29yZCI6InRlc3QxMjM0NTYiLCJleHAiOjE1OTE4NzIzODgsImlzcyI6Imdpbi1ibG9nIn0.Zc-YTQJ0I-9pelq6IREiLmG3ZQmgL-qQacSj_eJTF64"
[GIN] 2020/06/11 - 16:45:43 | 200 |     1.88395ms |       127.0.0.1 | GET      "/api/v1/articles?tag_id=2&token=eyJhbGciOiJIUzI1NiIsInR5cCI6IkpXVCJ9.eyJ1c2VybmFtZSI6InRlc3QiLCJwYXNzd29yZCI6InRlc3QxMjM0NTYiLCJleHAiOjE1OTE4NzIzODgsImlzcyI6Imdpbi1ibG9nIn0.Zc-YTQJ0I-9pelq6IREiLmG3ZQmgL-qQacSj_eJTF64"
[GIN] 2020/06/11 - 16:45:44 | 200 |    1.790911ms |       127.0.0.1 | GET      "/api/v1/articles?tag_id=2&token=eyJhbGciOiJIUzI1NiIsInR5cCI6IkpXVCJ9.eyJ1c2VybmFtZSI6InRlc3QiLCJwYXNzd29yZCI6InRlc3QxMjM0NTYiLCJleHAiOjE1OTE4NzIzODgsImlzcyI6Imdpbi1ibG9nIn0.Zc-YTQJ0I-9pelq6IREiLmG3ZQmgL-qQacSj_eJTF64"
[GIN] 2020/06/11 - 16:45:45 | 200 |    2.574709ms |       127.0.0.1 | GET      "/api/v1/articles?tag_id=2&token=eyJhbGciOiJIUzI1NiIsInR5cCI6IkpXVCJ9.eyJ1c2VybmFtZSI6InRlc3QiLCJwYXNzd29yZCI6InRlc3QxMjM0NTYiLCJleHAiOjE1OTE4NzIzODgsImlzcyI6Imdpbi1ibG9nIn0.Zc-YTQJ0I-9pelq6IREiLmG3ZQmgL-qQacSj_eJTF64"
[GIN] 2020/06/11 - 16:45:46 | 200 |    1.657234ms |       127.0.0.1 | GET      "/api/v1/articles?tag_id=2&token=eyJhbGciOiJIUzI1NiIsInR5cCI6IkpXVCJ9.eyJ1c2VybmFtZSI6InRlc3QiLCJwYXNzd29yZCI6InRlc3QxMjM0NTYiLCJleHAiOjE1OTE4NzIzODgsImlzcyI6Imdpbi1ibG9nIn0.Zc-YTQJ0I-9pelq6IREiLmG3ZQmgL-qQacSj_eJTF64"
[GIN] 2020/06/11 - 16:45:46 | 200 |    3.790166ms |       127.0.0.1 | GET      "/api/v1/articles?tag_id=2&token=eyJhbGciOiJIUzI1NiIsInR5cCI6IkpXVCJ9.eyJ1c2VybmFtZSI6InRlc3QiLCJwYXNzd29yZCI6InRlc3QxMjM0NTYiLCJleHAiOjE1OTE4NzIzODgsImlzcyI6Imdpbi1ibG9nIn0.Zc-YTQJ0I-9pelq6IREiLmG3ZQmgL-qQacSj_eJTF64"
2020/06/11 16:46:10 46038 Received SIGHUP. forking.
[GIN-debug] [WARNING] Running in "debug" mode. Switch to "release" mode in production.
 - using env:	export GIN_MODE=release
 - using code:	gin.SetMode(gin.ReleaseMode)

[GIN-debug] GET    /auth                     --> gin-blog/routers/api.GetAuth (3 handlers)
[GIN-debug] GET    /test                     --> gin-blog/routers.InitRouter.func1 (3 handlers)
[GIN-debug] GET    /api/v1/tags              --> gin-blog/routers/v1.GetTags (4 handlers)
[GIN-debug] POST   /api/v1/tags              --> gin-blog/routers/v1.AddTag (4 handlers)
[GIN-debug] PUT    /api/v1/tags/:id          --> gin-blog/routers/v1.EditTag (4 handlers)
[GIN-debug] DELETE /api/v1/tags/:id          --> gin-blog/routers/v1.DeleteTag (4 handlers)
[GIN-debug] GET    /api/v1/articles          --> gin-blog/routers/v1.GetArticles (4 handlers)
[GIN-debug] GET    /api/v1/articles/:id      --> gin-blog/routers/v1.GetArticle (4 handlers)
[GIN-debug] POST   /api/v1/articles          --> gin-blog/routers/v1.AddArticle (4 handlers)
[GIN-debug] PUT    /api/v1/articles/:id      --> gin-blog/routers/v1.EditArticle (4 handlers)
[GIN-debug] DELETE /api/v1/articles/:id      --> gin-blog/routers/v1.DeleteArticle (4 handlers)
2020/06/11 16:46:10 46038 Received SIGTERM.
2020/06/11 16:46:10 46038 Waiting for connections to finish...
2020/06/11 16:46:10 46038 Serve() returning...
2020/06/11 16:46:10 Server err: accept tcp [::]:8000: use of closed network connection
[GIN] 2020/06/11 - 16:46:18 | 200 |   12.173229ms |       127.0.0.1 | GET      "/api/v1/articles?tag_id=2&token=eyJhbGciOiJIUzI1NiIsInR5cCI6IkpXVCJ9.eyJ1c2VybmFtZSI6InRlc3QiLCJwYXNzd29yZCI6InRlc3QxMjM0NTYiLCJleHAiOjE1OTE4NzIzODgsImlzcyI6Imdpbi1ibG9nIn0.Zc-YTQJ0I-9pelq6IREiLmG3ZQmgL-qQacSj_eJTF64"
[GIN] 2020/06/11 - 16:46:19 | 200 |    1.689211ms |       127.0.0.1 | GET      "/api/v1/articles?tag_id=2&token=eyJhbGciOiJIUzI1NiIsInR5cCI6IkpXVCJ9.eyJ1c2VybmFtZSI6InRlc3QiLCJwYXNzd29yZCI6InRlc3QxMjM0NTYiLCJleHAiOjE1OTE4NzIzODgsImlzcyI6Imdpbi1ibG9nIn0.Zc-YTQJ0I-9pelq6IREiLmG3ZQmgL-qQacSj_eJTF64"
[GIN] 2020/06/11 - 16:46:20 | 200 |    1.874646ms |       127.0.0.1 | GET      "/api/v1/articles?tag_id=2&token=eyJhbGciOiJIUzI1NiIsInR5cCI6IkpXVCJ9.eyJ1c2VybmFtZSI6InRlc3QiLCJwYXNzd29yZCI6InRlc3QxMjM0NTYiLCJleHAiOjE1OTE4NzIzODgsImlzcyI6Imdpbi1ibG9nIn0.Zc-YTQJ0I-9pelq6IREiLmG3ZQmgL-qQacSj_eJTF64"
[GIN] 2020/06/11 - 17:06:47 | 200 |    5.165159ms |       127.0.0.1 | GET      "/api/v1/articles?tag_id=2&token=eyJhbGciOiJIUzI1NiIsInR5cCI6IkpXVCJ9.eyJ1c2VybmFtZSI6InRlc3QiLCJwYXNzd29yZCI6InRlc3QxMjM0NTYiLCJleHAiOjE1OTE4NzIzODgsImlzcyI6Imdpbi1ibG9nIn0.Zc-YTQJ0I-9pelq6IREiLmG3ZQmgL-qQacSj_eJTF64"
[GIN] 2020/06/11 - 17:06:48 | 200 |    2.032234ms |       127.0.0.1 | GET      "/api/v1/articles?tag_id=2&token=eyJhbGciOiJIUzI1NiIsInR5cCI6IkpXVCJ9.eyJ1c2VybmFtZSI6InRlc3QiLCJwYXNzd29yZCI6InRlc3QxMjM0NTYiLCJleHAiOjE1OTE4NzIzODgsImlzcyI6Imdpbi1ibG9nIn0.Zc-YTQJ0I-9pelq6IREiLmG3ZQmgL-qQacSj_eJTF64"
[GIN] 2020/06/11 - 17:06:49 | 200 |    1.612877ms |       127.0.0.1 | GET      "/api/v1/articles?tag_id=2&token=eyJhbGciOiJIUzI1NiIsInR5cCI6IkpXVCJ9.eyJ1c2VybmFtZSI6InRlc3QiLCJwYXNzd29yZCI6InRlc3QxMjM0NTYiLCJleHAiOjE1OTE4NzIzODgsImlzcyI6Imdpbi1ibG9nIn0.Zc-YTQJ0I-9pelq6IREiLmG3ZQmgL-qQacSj_eJTF64"
[GIN] 2020/06/11 - 17:20:35 | 200 |    1.718077ms |       127.0.0.1 | GET      "/api/v1/articles?tag_id=2&token=eyJhbGciOiJIUzI1NiIsInR5cCI6IkpXVCJ9.eyJ1c2VybmFtZSI6InRlc3QiLCJwYXNzd29yZCI6InRlc3QxMjM0NTYiLCJleHAiOjE1OTE4NzIzODgsImlzcyI6Imdpbi1ibG9nIn0.Zc-YTQJ0I-9pelq6IREiLmG3ZQmgL-qQacSj_eJTF64"

[33m[2020-06-11 20:43:44][0m [35m[info] replacing callback `gorm:update_time_stamp` from /Users/gavin.wang/go/src/gin-blog/models/models.go:57[0m [31;1m [0m

[33m[2020-06-11 20:43:44][0m [35m[info] replacing callback `gorm:update_time_stamp` from /Users/gavin.wang/go/src/gin-blog/models/models.go:58[0m [31;1m [0m

[33m[2020-06-11 20:43:44][0m [35m[info] replacing callback `gorm:delete` from /Users/gavin.wang/go/src/gin-blog/models/models.go:59[0m [31;1m [0m
2020/06/11 20:43:44 Starting...
2020/06/11 20:43:45 start 1
2020/06/11 20:43:46 start 2
2020/06/11 20:43:47 start 3
2020/06/11 20:43:48 start 4
2020/06/11 20:43:49 start 5
2020/06/11 20:43:50 start 6
2020/06/11 20:43:51 start 7
2020/06/11 20:43:52 start 8
2020/06/11 20:43:53 start 9
2020/06/11 20:43:54 start 10
2020/06/11 20:43:54 Run 10s cron
2020/06/11 20:43:55 start 11
2020/06/11 20:43:56 start 12
2020/06/11 20:43:57 start 13
2020/06/11 20:43:58 start 14
2020/06/11 20:43:59 start 15
2020/06/11 20:44:00 start 16
2020/06/11 20:44:01 start 17
2020/06/11 20:44:02 start 18
2020/06/11 20:44:03 start 19
2020/06/11 20:44:04 start 20
2020/06/11 20:44:04 Run 10s cron
2020/06/11 20:44:05 start 21
2020/06/11 20:44:06 start 22
2020/06/11 20:44:07 start 23
2020/06/11 20:44:08 start 24
2020/06/11 20:44:09 start 25
2020/06/11 20:44:10 start 26
2020/06/11 20:44:11 start 27
2020/06/11 20:44:12 start 28
2020/06/11 20:44:13 start 29
2020/06/11 20:44:14 start 30
2020/06/11 20:44:14 Run 10s cron
2020/06/11 20:44:15 start 31
2020/06/11 20:44:16 start 32
2020/06/11 20:44:17 start 33
2020/06/11 20:44:18 start 34
2020/06/11 20:44:19 start 35
2020/06/11 20:44:20 start 36
2020/06/11 20:44:21 start 37
2020/06/11 20:44:22 start 38
2020/06/11 20:44:23 start 39
2020/06/11 20:44:24 start 40
2020/06/11 20:44:24 Run 10s cron
2020/06/11 20:44:25 start 41
2020/06/11 20:44:26 start 42
2020/06/11 20:44:27 start 43
2020/06/11 20:44:28 start 44

[33m[2020-06-13 17:05:34][0m [35m[info] replacing callback `gorm:update_time_stamp` from /Users/gavin.wang/go/src/gin-blog/models/models.go:42[0m [31;1m [0m

[33m[2020-06-13 17:05:34][0m [35m[info] replacing callback `gorm:update_time_stamp` from /Users/gavin.wang/go/src/gin-blog/models/models.go:43[0m [31;1m [0m

[33m[2020-06-13 17:05:34][0m [35m[info] replacing callback `gorm:delete` from /Users/gavin.wang/go/src/gin-blog/models/models.go:44[0m [31;1m [0m
2020/06/13 17:05:34 1m0s
[GIN-debug] [WARNING] Running in "debug" mode. Switch to "release" mode in production.
 - using env:	export GIN_MODE=release
 - using code:	gin.SetMode(gin.ReleaseMode)

[GIN-debug] GET    /auth                     --> gin-blog/routers/api.GetAuth (3 handlers)
[GIN-debug] GET    /test                     --> gin-blog/routers.InitRouter.func1 (3 handlers)
[GIN-debug] GET    /api/v1/tags              --> gin-blog/routers/v1.GetTags (4 handlers)
[GIN-debug] POST   /api/v1/tags              --> gin-blog/routers/v1.AddTag (4 handlers)
[GIN-debug] PUT    /api/v1/tags/:id          --> gin-blog/routers/v1.EditTag (4 handlers)
[GIN-debug] DELETE /api/v1/tags/:id          --> gin-blog/routers/v1.DeleteTag (4 handlers)
[GIN-debug] GET    /api/v1/articles          --> gin-blog/routers/v1.GetArticles (4 handlers)
[GIN-debug] GET    /api/v1/articles/:id      --> gin-blog/routers/v1.GetArticle (4 handlers)
[GIN-debug] POST   /api/v1/articles          --> gin-blog/routers/v1.AddArticle (4 handlers)
[GIN-debug] PUT    /api/v1/articles/:id      --> gin-blog/routers/v1.EditArticle (4 handlers)
[GIN-debug] DELETE /api/v1/articles/:id      --> gin-blog/routers/v1.DeleteArticle (4 handlers)
[GIN] 2020/06/13 - 17:05:43 | 200 |   45.458755ms |  192.168.20.216 | GET      "/auth?username=test&password=test123456"
[GIN] 2020/06/13 - 17:05:44 | 200 |     889.278µs |  192.168.20.216 | GET      "/auth?username=test&password=test123456"
[GIN] 2020/06/13 - 17:05:57 | 200 |     825.423µs |  192.168.20.216 | GET      "/auth?username=test&password=test123456"
[GIN] 2020/06/13 - 17:05:57 | 200 |      914.79µs |  192.168.20.216 | GET      "/auth?username=test&password=test123456"
[GIN] 2020/06/13 - 17:05:58 | 200 |     942.016µs |  192.168.20.216 | GET      "/auth?username=test&password=test123456"

[33m[2020-06-13 17:09:35][0m [35m[info] replacing callback `gorm:update_time_stamp` from /Users/gavin.wang/go/src/gin-blog/models/models.go:42[0m [31;1m [0m

[33m[2020-06-13 17:09:35][0m [35m[info] replacing callback `gorm:update_time_stamp` from /Users/gavin.wang/go/src/gin-blog/models/models.go:43[0m [31;1m [0m

[33m[2020-06-13 17:09:35][0m [35m[info] replacing callback `gorm:delete` from /Users/gavin.wang/go/src/gin-blog/models/models.go:44[0m [31;1m [0m
2020/06/13 17:09:35 1m0s
[GIN-debug] [WARNING] Running in "debug" mode. Switch to "release" mode in production.
 - using env:	export GIN_MODE=release
 - using code:	gin.SetMode(gin.ReleaseMode)

[GIN-debug] GET    /auth                     --> gin-blog/routers/api.GetAuth (3 handlers)
[GIN-debug] GET    /test                     --> gin-blog/routers.InitRouter.func1 (3 handlers)
[GIN-debug] GET    /api/v1/tags              --> gin-blog/routers/v1.GetTags (4 handlers)
[GIN-debug] POST   /api/v1/tags              --> gin-blog/routers/v1.AddTag (4 handlers)
[GIN-debug] PUT    /api/v1/tags/:id          --> gin-blog/routers/v1.EditTag (4 handlers)
[GIN-debug] DELETE /api/v1/tags/:id          --> gin-blog/routers/v1.DeleteTag (4 handlers)
[GIN-debug] GET    /api/v1/articles          --> gin-blog/routers/v1.GetArticles (4 handlers)
[GIN-debug] GET    /api/v1/articles/:id      --> gin-blog/routers/v1.GetArticle (4 handlers)
[GIN-debug] POST   /api/v1/articles          --> gin-blog/routers/v1.AddArticle (4 handlers)
[GIN-debug] PUT    /api/v1/articles/:id      --> gin-blog/routers/v1.EditArticle (4 handlers)
[GIN-debug] DELETE /api/v1/articles/:id      --> gin-blog/routers/v1.DeleteArticle (4 handlers)
[GIN] 2020/06/13 - 17:09:45 | 200 |   45.470872ms |  192.168.20.216 | GET      "/auth?username=test&password=test123456"
