[INFO][auth.go:47]2020/06/11 11:50:37 [test]
[INFO][auth.go:51]2020/06/11 11:50:37 [Username.Required. Can not be empty]
[INFO][auth.go:51]2020/06/11 11:50:37 [Password.Required. Can not be empty]
[INFO][auth.go:47]2020/06/11 11:51:09 [test]
[INFO][auth.go:51]2020/06/11 11:51:09 [Username.Required. Can not be empty]
[INFO][auth.go:51]2020/06/11 11:51:09 [Password.Required. Can not be empty]
[FATAL][jwt.go:38]2020/06/11 11:55:52 [Token鉴权失败]
[ERROR][jwt.go:38]2020/06/11 11:56:41 [Token鉴权失败]
[INFO][auth.go:31]2020/06/11 11:58:06 [test]
[DEBUG][article.go:88]2020/06/11 11:59:05 [map[lists:[{{1 1591775127 1591775126} 2 {{2 1591758627 0} 2 test  1} test1 test-desc test-content test-created  1}] total:1]]
[DEBUG][article.go:88]2020/06/11 14:16:26 [map[lists:[{{1 1591775127 1591775126} 2 {{2 1591758627 0} 2 test  1} test1 test-desc test-content test-created  1}] total:1]]
[ERROR][jwt.go:38]2020/06/11 15:03:02 [Token鉴权失败]
[INFO][auth.go:31]2020/06/11 15:03:08 [test]
[DEBUG][article.go:88]2020/06/11 15:03:21 [map[lists:[{{1 1591775127 1591775126} 2 {{2 1591758627 0} 2 test  1} test1 test-desc test-content test-created  1}] total:1]]
[DEBUG][article.go:88]2020/06/11 15:04:59 [map[lists:[{{1 1591775127 1591775126} 2 {{2 1591758627 0} 2 test  1} test1 test-desc test-content test-created  1}] total:1]]
[DEBUG][article.go:88]2020/06/11 15:05:02 [map[lists:[{{1 1591775127 1591775126} 2 {{2 1591758627 0} 2 test  1} test1 test-desc test-content test-created  1}] total:1]]
[DEBUG][article.go:88]2020/06/11 15:09:47 [map[lists:[{{1 1591775127 1591775126} 2 {{2 1591758627 0} 2 test  1} test1 test-desc test-content test-created  1}] total:1]]
[DEBUG][article.go:88]2020/06/11 15:11:02 [map[lists:[{{1 1591775127 1591775126} 2 {{2 1591758627 0} 2 test  1} test1 test-desc test-content test-created  1}] total:1]]
[DEBUG][article.go:88]2020/06/11 15:11:04 [map[lists:[{{1 1591775127 1591775126} 2 {{2 1591758627 0} 2 test  1} test1 test-desc test-content test-created  1}] total:1]]
[DEBUG][article.go:88]2020/06/11 15:11:11 [map[lists:[{{1 1591775127 1591775126} 2 {{2 1591758627 0} 2 test  1} test1 test-desc test-content test-created  1}] total:1]]
[DEBUG][article.go:88]2020/06/11 15:12:10 [map[lists:[{{1 1591775127 1591775126} 2 {{2 1591758627 0} 2 test  1} test1 test-desc test-content test-created  1}] total:1]]
[DEBUG][article.go:88]2020/06/11 15:12:11 [map[lists:[{{1 1591775127 1591775126} 2 {{2 1591758627 0} 2 test  1} test1 test-desc test-content test-created  1}] total:1]]
[DEBUG][article.go:88]2020/06/11 15:17:04 [map[lists:[{{1 1591775127 1591775126} 2 {{2 1591758627 0} 2 test  1} test1 test-desc test-content test-created  1}] total:1]]
[DEBUG][article.go:88]2020/06/11 15:32:52 [map[lists:[{{1 1591775127 1591775126} 2 {{2 1591758627 0} 2 test  1} test1 test-desc test-content test-created  1}] total:1]]
[DEBUG][article.go:88]2020/06/11 15:35:08 [map[lists:[{{1 1591775127 1591775126} 2 {{2 1591758627 0} 2 test  1} test1 test-desc test-content test-created  1}] total:1]]
[DEBUG][article.go:88]2020/06/11 15:35:42 [map[lists:[{{1 1591775127 1591775126} 2 {{2 1591758627 0} 2 test  1} test1 test-desc test-content test-created  1}] total:1]]
[DEBUG][article.go:88]2020/06/11 15:35:43 [map[lists:[{{1 1591775127 1591775126} 2 {{2 1591758627 0} 2 test  1} test1 test-desc test-content test-created  1}] total:1]]
[DEBUG][article.go:88]2020/06/11 15:35:44 [map[lists:[{{1 1591775127 1591775126} 2 {{2 1591758627 0} 2 test  1} test1 test-desc test-content test-created  1}] total:1]]
[DEBUG][article.go:88]2020/06/11 15:35:44 [map[lists:[{{1 1591775127 1591775126} 2 {{2 1591758627 0} 2 test  1} test1 test-desc test-content test-created  1}] total:1]]
[DEBUG][article.go:88]2020/06/11 15:35:45 [map[lists:[{{1 1591775127 1591775126} 2 {{2 1591758627 0} 2 test  1} test1 test-desc test-content test-created  1}] total:1]]
[DEBUG][article.go:88]2020/06/11 15:35:46 [map[lists:[{{1 1591775127 1591775126} 2 {{2 1591758627 0} 2 test  1} test1 test-desc test-content test-created  1}] total:1]]
[DEBUG][article.go:88]2020/06/11 15:35:46 [map[lists:[{{1 1591775127 1591775126} 2 {{2 1591758627 0} 2 test  1} test1 test-desc test-content test-created  1}] total:1]]
[DEBUG][article.go:88]2020/06/11 15:35:47 [map[lists:[{{1 1591775127 1591775126} 2 {{2 1591758627 0} 2 test  1} test1 test-desc test-content test-created  1}] total:1]]
[DEBUG][article.go:88]2020/06/11 15:35:48 [map[lists:[{{1 1591775127 1591775126} 2 {{2 1591758627 0} 2 test  1} test1 test-desc test-content test-created  1}] total:1]]
[DEBUG][article.go:88]2020/06/11 15:35:55 [map[lists:[{{1 1591775127 1591775126} 2 {{2 1591758627 0} 2 test  1} test1 test-desc test-content test-created  1}] total:1]]
[DEBUG][article.go:88]2020/06/11 15:35:56 [map[lists:[{{1 1591775127 1591775126} 2 {{2 1591758627 0} 2 test  1} test1 test-desc test-content test-created  1}] total:1]]
[DEBUG][article.go:88]2020/06/11 15:35:57 [map[lists:[{{1 1591775127 1591775126} 2 {{2 1591758627 0} 2 test  1} test1 test-desc test-content test-created  1}] total:1]]
[DEBUG][article.go:88]2020/06/11 15:44:28 [map[lists:[{{1 1591775127 1591775126} 2 {{2 1591758627 0} 2 test  1} test1 test-desc test-content test-created  1}] total:1]]
[DEBUG][article.go:88]2020/06/11 15:44:29 [map[lists:[{{1 1591775127 1591775126} 2 {{2 1591758627 0} 2 test  1} test1 test-desc test-content test-created  1}] total:1]]
[DEBUG][article.go:88]2020/06/11 15:46:05 [map[lists:[{{1 1591775127 1591775126} 2 {{2 1591758627 0} 2 test  1} test1 test-desc test-content test-created  1}] total:1]]
[DEBUG][article.go:88]2020/06/11 15:46:06 [map[lists:[{{1 1591775127 1591775126} 2 {{2 1591758627 0} 2 test  1} test1 test-desc test-content test-created  1}] total:1]]
[DEBUG][article.go:88]2020/06/11 15:46:07 [map[lists:[{{1 1591775127 1591775126} 2 {{2 1591758627 0} 2 test  1} test1 test-desc test-content test-created  1}] total:1]]
[DEBUG][article.go:88]2020/06/11 15:46:08 [map[lists:[{{1 1591775127 1591775126} 2 {{2 1591758627 0} 2 test  1} test1 test-desc test-content test-created  1}] total:1]]
[DEBUG][article.go:88]2020/06/11 15:46:08 [map[lists:[{{1 1591775127 1591775126} 2 {{2 1591758627 0} 2 test  1} test1 test-desc test-content test-created  1}] total:1]]
[DEBUG][article.go:88]2020/06/11 15:46:09 [map[lists:[{{1 1591775127 1591775126} 2 {{2 1591758627 0} 2 test  1} test1 test-desc test-content test-created  1}] total:1]]
[DEBUG][article.go:88]2020/06/11 15:46:10 [map[lists:[{{1 1591775127 1591775126} 2 {{2 1591758627 0} 2 test  1} test1 test-desc test-content test-created  1}] total:1]]
[DEBUG][article.go:88]2020/06/11 15:46:11 [map[lists:[{{1 1591775127 1591775126} 2 {{2 1591758627 0} 2 test  1} test1 test-desc test-content test-created  1}] total:1]]
[DEBUG][article.go:88]2020/06/11 15:46:12 [map[lists:[{{1 1591775127 1591775126} 2 {{2 1591758627 0} 2 test  1} test1 test-desc test-content test-created  1}] total:1]]
[DEBUG][article.go:88]2020/06/11 15:46:12 [map[lists:[{{1 1591775127 1591775126} 2 {{2 1591758627 0} 2 test  1} test1 test-desc test-content test-created  1}] total:1]]
[INFO][auth.go:31]2020/06/11 15:46:16 [test]
[DEBUG][article.go:88]2020/06/11 15:46:18 [map[lists:[{{1 1591775127 1591775126} 2 {{2 1591758627 0} 2 test  1} test1 test-desc test-content test-created  1}] total:1]]
[DEBUG][article.go:88]2020/06/11 15:46:19 [map[lists:[{{1 1591775127 1591775126} 2 {{2 1591758627 0} 2 test  1} test1 test-desc test-content test-created  1}] total:1]]
[DEBUG][article.go:88]2020/06/11 15:46:20 [map[lists:[{{1 1591775127 1591775126} 2 {{2 1591758627 0} 2 test  1} test1 test-desc test-content test-created  1}] total:1]]
[DEBUG][article.go:88]2020/06/11 15:46:21 [map[lists:[{{1 1591775127 1591775126} 2 {{2 1591758627 0} 2 test  1} test1 test-desc test-content test-created  1}] total:1]]
[INFO][auth.go:31]2020/06/11 15:46:26 [test]
[INFO][auth.go:31]2020/06/11 15:46:28 [test]
[DEBUG][article.go:88]2020/06/11 15:46:40 [map[lists:[{{1 1591775127 1591775126} 2 {{2 1591758627 0} 2 test  1} test1 test-desc test-content test-created  1}] total:1]]
[DEBUG][article.go:88]2020/06/11 15:47:01 [map[lists:[{{1 1591775127 1591775126} 2 {{2 1591758627 0} 2 test  1} test1 test-desc test-content test-created  1}] total:1]]
[DEBUG][article.go:88]2020/06/11 15:47:04 [map[lists:[{{1 1591775127 1591775126} 2 {{2 1591758627 0} 2 test  1} test1 test-desc test-content test-created  1}] total:1]]
[INFO][auth.go:31]2020/06/11 15:47:06 [test]
[DEBUG][article.go:88]2020/06/11 15:47:08 [map[lists:[{{1 1591775127 1591775126} 2 {{2 1591758627 0} 2 test  1} test1 test-desc test-content test-created  1}] total:1]]
[DEBUG][article.go:88]2020/06/11 15:47:22 [map[lists:[{{1 1591775127 1591775126} 2 {{2 1591758627 0} 2 test  1} test1 test-desc test-content test-created  1}] total:1]]
[DEBUG][article.go:88]2020/06/11 15:47:23 [map[lists:[{{1 1591775127 1591775126} 2 {{2 1591758627 0} 2 test  1} test1 test-desc test-content test-created  1}] total:1]]
[DEBUG][article.go:88]2020/06/11 15:47:24 [map[lists:[{{1 1591775127 1591775126} 2 {{2 1591758627 0} 2 test  1} test1 test-desc test-content test-created  1}] total:1]]
[DEBUG][article.go:88]2020/06/11 15:47:24 [map[lists:[{{1 1591775127 1591775126} 2 {{2 1591758627 0} 2 test  1} test1 test-desc test-content test-created  1}] total:1]]
[DEBUG][article.go:88]2020/06/11 15:47:24 [map[lists:[{{1 1591775127 1591775126} 2 {{2 1591758627 0} 2 test  1} test1 test-desc test-content test-created  1}] total:1]]
[DEBUG][article.go:88]2020/06/11 15:47:25 [map[lists:[{{1 1591775127 1591775126} 2 {{2 1591758627 0} 2 test  1} test1 test-desc test-content test-created  1}] total:1]]
[DEBUG][article.go:88]2020/06/11 15:47:27 [map[lists:[{{1 1591775127 1591775126} 2 {{2 1591758627 0} 2 test  1} test1 test-desc test-content test-created  1}] total:1]]
[DEBUG][article.go:88]2020/06/11 15:47:31 [map[lists:[{{1 1591775127 1591775126} 2 {{2 1591758627 0} 2 test  1} test1 test-desc test-content test-created  1}] total:1]]
[DEBUG][article.go:88]2020/06/11 15:47:32 [map[lists:[{{1 1591775127 1591775126} 2 {{2 1591758627 0} 2 test  1} test1 test-desc test-content test-created  1}] total:1]]
[DEBUG][article.go:88]2020/06/11 15:47:32 [map[lists:[{{1 1591775127 1591775126} 2 {{2 1591758627 0} 2 test  1} test1 test-desc test-content test-created  1}] total:1]]
[DEBUG][article.go:88]2020/06/11 15:47:33 [map[lists:[{{1 1591775127 1591775126} 2 {{2 1591758627 0} 2 test  1} test1 test-desc test-content test-created  1}] total:1]]
[DEBUG][article.go:88]2020/06/11 15:47:35 [map[lists:[{{1 1591775127 1591775126} 2 {{2 1591758627 0} 2 test  1} test1 test-desc test-content test-created  1}] total:1]]
[DEBUG][article.go:88]2020/06/11 15:47:40 [map[lists:[{{1 1591775127 1591775126} 2 {{2 1591758627 0} 2 test  1} test1 test-desc test-content test-created  1}] total:1]]
[DEBUG][article.go:88]2020/06/11 15:47:41 [map[lists:[{{1 1591775127 1591775126} 2 {{2 1591758627 0} 2 test  1} test1 test-desc test-content test-created  1}] total:1]]
[DEBUG][article.go:88]2020/06/11 15:47:42 [map[lists:[{{1 1591775127 1591775126} 2 {{2 1591758627 0} 2 test  1} test1 test-desc test-content test-created  1}] total:1]]
[DEBUG][article.go:88]2020/06/11 15:50:11 [map[lists:[{{1 1591775127 1591775126} 2 {{2 1591758627 0} 2 test  1} test1 test-desc test-content test-created  1}] total:1]]
[DEBUG][article.go:88]2020/06/11 15:50:12 [map[lists:[{{1 1591775127 1591775126} 2 {{2 1591758627 0} 2 test  1} test1 test-desc test-content test-created  1}] total:1]]
[INFO][auth.go:31]2020/06/11 15:50:15 [test]
[DEBUG][article.go:88]2020/06/11 15:50:18 [map[lists:[{{1 1591775127 1591775126} 2 {{2 1591758627 0} 2 test  1} test1 test-desc test-content test-created  1}] total:1]]
[DEBUG][article.go:88]2020/06/11 15:58:47 [map[lists:[{{1 1591775127 1591775126} 2 {{2 1591758627 0} 2 test  1} test1 test-desc test-content test-created  1}] total:1]]
[DEBUG][article.go:88]2020/06/11 15:58:48 [map[lists:[{{1 1591775127 1591775126} 2 {{2 1591758627 0} 2 test  1} test1 test-desc test-content test-created  1}] total:1]]
[DEBUG][article.go:88]2020/06/11 15:59:29 [map[lists:[{{1 1591775127 1591775126} 2 {{2 1591758627 0} 2 test  1} test1 test-desc test-content test-created  1}] total:1]]
[DEBUG][article.go:88]2020/06/11 16:00:04 [map[lists:[{{1 1591775127 1591775126} 2 {{2 1591758627 0} 2 test  1} test1 test-desc test-content test-created  1}] total:1]]
[DEBUG][article.go:88]2020/06/11 16:00:05 [map[lists:[{{1 1591775127 1591775126} 2 {{2 1591758627 0} 2 test  1} test1 test-desc test-content test-created  1}] total:1]]
[DEBUG][article.go:88]2020/06/11 16:00:06 [map[lists:[{{1 1591775127 1591775126} 2 {{2 1591758627 0} 2 test  1} test1 test-desc test-content test-created  1}] total:1]]
[DEBUG][article.go:88]2020/06/11 16:01:11 [map[lists:[{{1 1591775127 1591775126} 2 {{2 1591758627 0} 2 test  1} test1 test-desc test-content test-created  1}] total:1]]
[DEBUG][article.go:88]2020/06/11 16:01:12 [map[lists:[{{1 1591775127 1591775126} 2 {{2 1591758627 0} 2 test  1} test1 test-desc test-content test-created  1}] total:1]]
[DEBUG][article.go:88]2020/06/11 16:01:12 [map[lists:[{{1 1591775127 1591775126} 2 {{2 1591758627 0} 2 test  1} test1 test-desc test-content test-created  1}] total:1]]
[DEBUG][article.go:88]2020/06/11 16:01:15 [map[lists:[{{1 1591775127 1591775126} 2 {{2 1591758627 0} 2 test  1} test1 test-desc test-content test-created  1}] total:1]]
[DEBUG][article.go:88]2020/06/11 16:02:15 [map[lists:[{{1 1591775127 1591775126} 2 {{2 1591758627 0} 2 test  1} test1 test-desc test-content test-created  1}] total:1]]
[DEBUG][article.go:88]2020/06/11 16:02:16 [map[lists:[{{1 1591775127 1591775126} 2 {{2 1591758627 0} 2 test  1} test1 test-desc test-content test-created  1}] total:1]]
[DEBUG][article.go:88]2020/06/11 16:02:17 [map[lists:[{{1 1591775127 1591775126} 2 {{2 1591758627 0} 2 test  1} test1 test-desc test-content test-created  1}] total:1]]
[DEBUG][article.go:88]2020/06/11 16:02:17 [map[lists:[{{1 1591775127 1591775126} 2 {{2 1591758627 0} 2 test  1} test1 test-desc test-content test-created  1}] total:1]]
[DEBUG][article.go:88]2020/06/11 16:39:31 [map[lists:[{{1 1591775127 1591775126} 2 {{2 1591758627 0} 2 test  1} test1 test-desc test-content test-created  1}] total:1]]
[DEBUG][article.go:88]2020/06/11 16:39:33 [map[lists:[{{1 1591775127 1591775126} 2 {{2 1591758627 0} 2 test  1} test1 test-desc test-content test-created  1}] total:1]]
[DEBUG][article.go:88]2020/06/11 16:39:33 [map[lists:[{{1 1591775127 1591775126} 2 {{2 1591758627 0} 2 test  1} test1 test-desc test-content test-created  1}] total:1]]
[DEBUG][article.go:88]2020/06/11 16:39:34 [map[lists:[{{1 1591775127 1591775126} 2 {{2 1591758627 0} 2 test  1} test1 test-desc test-content test-created  1}] total:1]]
[DEBUG][article.go:88]2020/06/11 16:39:40 [map[lists:[{{1 1591775127 1591775126} 2 {{2 1591758627 0} 2 test  1} test1 test-desc test-content test-created  1}] total:1]]
[DEBUG][article.go:88]2020/06/11 16:39:41 [map[lists:[{{1 1591775127 1591775126} 2 {{2 1591758627 0} 2 test  1} test1 test-desc test-content test-created  1}] total:1]]
[DEBUG][article.go:88]2020/06/11 16:39:41 [map[lists:[{{1 1591775127 1591775126} 2 {{2 1591758627 0} 2 test  1} test1 test-desc test-content test-created  1}] total:1]]
[DEBUG][article.go:88]2020/06/11 16:39:42 [map[lists:[{{1 1591775127 1591775126} 2 {{2 1591758627 0} 2 test  1} test1 test-desc test-content test-created  1}] total:1]]
[DEBUG][article.go:88]2020/06/11 16:42:27 [map[lists:[{{1 1591775127 1591775126} 2 {{2 1591758627 0} 2 test  1} test1 test-desc test-content test-created  1}] total:1]]
[DEBUG][article.go:88]2020/06/11 16:42:28 [map[lists:[{{1 1591775127 1591775126} 2 {{2 1591758627 0} 2 test  1} test1 test-desc test-content test-created  1}] total:1]]
[DEBUG][article.go:88]2020/06/11 16:42:29 [map[lists:[{{1 1591775127 1591775126} 2 {{2 1591758627 0} 2 test  1} test1 test-desc test-content test-created  1}] total:1]]
[DEBUG][article.go:88]2020/06/11 16:42:30 [map[lists:[{{1 1591775127 1591775126} 2 {{2 1591758627 0} 2 test  1} test1 test-desc test-content test-created  1}] total:1]]
[DEBUG][article.go:88]2020/06/11 16:42:30 [map[lists:[{{1 1591775127 1591775126} 2 {{2 1591758627 0} 2 test  1} test1 test-desc test-content test-created  1}] total:1]]
[DEBUG][article.go:88]2020/06/11 16:42:32 [map[lists:[{{1 1591775127 1591775126} 2 {{2 1591758627 0} 2 test  1} test1 test-desc test-content test-created  1}] total:1]]
[DEBUG][article.go:88]2020/06/11 16:42:33 [map[lists:[{{1 1591775127 1591775126} 2 {{2 1591758627 0} 2 test  1} test1 test-desc test-content test-created  1}] total:1]]
[DEBUG][article.go:88]2020/06/11 16:42:33 [map[lists:[{{1 1591775127 1591775126} 2 {{2 1591758627 0} 2 test  1} test1 test-desc test-content test-created  1}] total:1]]
[DEBUG][article.go:88]2020/06/11 16:42:41 [map[lists:[{{1 1591775127 1591775126} 2 {{2 1591758627 0} 2 test  1} test1 test-desc test-content test-created  1}] total:1]]
[DEBUG][article.go:88]2020/06/11 16:42:42 [map[lists:[{{1 1591775127 1591775126} 2 {{2 1591758627 0} 2 test  1} test1 test-desc test-content test-created  1}] total:1]]
[DEBUG][article.go:88]2020/06/11 16:42:42 [map[lists:[{{1 1591775127 1591775126} 2 {{2 1591758627 0} 2 test  1} test1 test-desc test-content test-created  1}] total:1]]
[DEBUG][article.go:88]2020/06/11 16:42:43 [map[lists:[{{1 1591775127 1591775126} 2 {{2 1591758627 0} 2 test  1} test1 test-desc test-content test-created  1}] total:1]]
[DEBUG][article.go:88]2020/06/11 16:42:43 [map[lists:[{{1 1591775127 1591775126} 2 {{2 1591758627 0} 2 test  1} test1 test-desc test-content test-created  1}] total:1]]
[DEBUG][article.go:88]2020/06/11 16:42:51 [map[lists:[{{1 1591775127 1591775126} 2 {{2 1591758627 0} 2 test  1} test1 test-desc test-content test-created  1}] total:1]]
[DEBUG][article.go:88]2020/06/11 16:42:51 [map[lists:[{{1 1591775127 1591775126} 2 {{2 1591758627 0} 2 test  1} test1 test-desc test-content test-created  1}] total:1]]
[DEBUG][article.go:88]2020/06/11 16:42:52 [map[lists:[{{1 1591775127 1591775126} 2 {{2 1591758627 0} 2 test  1} test1 test-desc test-content test-created  1}] total:1]]
[DEBUG][article.go:88]2020/06/11 16:42:53 [map[lists:[{{1 1591775127 1591775126} 2 {{2 1591758627 0} 2 test  1} test1 test-desc test-content test-created  1}] total:1]]
[DEBUG][article.go:88]2020/06/11 16:42:55 [map[lists:[{{1 1591775127 1591775126} 2 {{2 1591758627 0} 2 test  1} test1 test-desc test-content test-created  1}] total:1]]
[DEBUG][article.go:88]2020/06/11 16:42:56 [map[lists:[{{1 1591775127 1591775126} 2 {{2 1591758627 0} 2 test  1} test1 test-desc test-content test-created  1}] total:1]]
[DEBUG][article.go:88]2020/06/11 16:42:57 [map[lists:[{{1 1591775127 1591775126} 2 {{2 1591758627 0} 2 test  1} test1 test-desc test-content test-created  1}] total:1]]
[DEBUG][article.go:88]2020/06/11 16:42:58 [map[lists:[{{1 1591775127 1591775126} 2 {{2 1591758627 0} 2 test  1} test1 test-desc test-content test-created  1}] total:1]]
[DEBUG][article.go:88]2020/06/11 16:44:09 [map[lists:[{{1 1591775127 1591775126} 2 {{2 1591758627 0} 2 test  1} test1 test-desc test-content test-created  1}] total:1]]
[INFO][main.go:24]2020/06/11 16:45:30 [Actual pid is %d 46038]
[DEBUG][article.go:88]2020/06/11 16:45:42 [map[lists:[{{1 1591775127 1591775126} 2 {{2 1591758627 0} 2 test  1} test1 test-desc test-content test-created  1}] total:1]]
[DEBUG][article.go:88]2020/06/11 16:45:43 [map[lists:[{{1 1591775127 1591775126} 2 {{2 1591758627 0} 2 test  1} test1 test-desc test-content test-created  1}] total:1]]
[DEBUG][article.go:88]2020/06/11 16:45:44 [map[lists:[{{1 1591775127 1591775126} 2 {{2 1591758627 0} 2 test  1} test1 test-desc test-content test-created  1}] total:1]]
[DEBUG][article.go:88]2020/06/11 16:45:45 [map[lists:[{{1 1591775127 1591775126} 2 {{2 1591758627 0} 2 test  1} test1 test-desc test-content test-created  1}] total:1]]
[DEBUG][article.go:88]2020/06/11 16:45:46 [map[lists:[{{1 1591775127 1591775126} 2 {{2 1591758627 0} 2 test  1} test1 test-desc test-content test-created  1}] total:1]]
[DEBUG][article.go:88]2020/06/11 16:45:46 [map[lists:[{{1 1591775127 1591775126} 2 {{2 1591758627 0} 2 test  1} test1 test-desc test-content test-created  1}] total:1]]
[INFO][main.go:24]2020/06/11 16:46:10 [Actual pid is %d 46544]
[DEBUG][article.go:88]2020/06/11 16:46:18 [map[lists:[{{1 1591775127 1591775126} 2 {{2 1591758627 0} 2 test  1} test1 test-desc test-content test-created  1}] total:1]]
[DEBUG][article.go:88]2020/06/11 16:46:19 [map[lists:[{{1 1591775127 1591775126} 2 {{2 1591758627 0} 2 test  1} test1 test-desc test-content test-created  1}] total:1]]
[DEBUG][article.go:88]2020/06/11 16:46:20 [map[lists:[{{1 1591775127 1591775126} 2 {{2 1591758627 0} 2 test  1} test1 test-desc test-content test-created  1}] total:1]]
[DEBUG][article.go:88]2020/06/11 17:06:47 [map[lists:[{{1 1591775127 1591775126} 2 {{2 1591758627 0} 2 test  1} test1 test-desc test-content test-created  1}] total:1]]
[DEBUG][article.go:88]2020/06/11 17:06:48 [map[lists:[{{1 1591775127 1591775126} 2 {{2 1591758627 0} 2 test  1} test1 test-desc test-content test-created  1}] total:1]]
[DEBUG][article.go:88]2020/06/11 17:06:49 [map[lists:[{{1 1591775127 1591775126} 2 {{2 1591758627 0} 2 test  1} test1 test-desc test-content test-created  1}] total:1]]
[DEBUG][article.go:88]2020/06/11 17:20:35 [map[lists:[{{1 1591775127 1591775126} 2 {{2 1591758627 0} 2 test  1} test1 test-desc test-content test-created  1}] total:1]]
[INFO][main.go:24]2020/06/11 17:37:00 [Actual pid is %d 83655]
[DEBUG][article.go:88]2020/06/11 17:37:07 [map[lists:[{{1 1591775127 1591775126} 2 {{2 1591758627 0} 2 test  1} test1 test-desc test-content test-created  1}] total:1]]
[INFO][main.go:24]2020/06/11 17:42:56 [Actual pid is %d 87777]
[ERROR][jwt.go:38]2020/06/11 17:43:11 [请求参数错误]
[DEBUG][article.go:88]2020/06/11 17:43:34 [map[lists:[{{1 1591775127 1591775126} 2 {{2 1591758627 0} 2 test  1} test1 test-desc test-content test-created  1}] total:1]]
[ERROR][jwt.go:38]2020/06/11 17:43:51 [请求参数错误]
[ERROR][jwt.go:38]2020/06/11 17:43:56 [请求参数错误]
[INFO][main.go:24]2020/06/11 17:55:06 [Actual pid is %d 96385]
[ERROR][jwt.go:38]2020/06/11 17:57:11 [请求参数错误]
[ERROR][jwt.go:38]2020/06/11 19:35:48 [Token鉴权失败]
[ERROR][jwt.go:38]2020/06/11 19:35:50 [Token鉴权失败]
[INFO][auth.go:31]2020/06/11 19:36:00 [test]
[INFO][auth.go:31]2020/06/11 19:36:55 [test]
[INFO][main.go:24]2020/06/11 20:05:27 [Actual pid is %d 89217]
[INFO][main.go:24]2020/06/11 20:09:41 [Actual pid is %d 92250]
[INFO][auth.go:31]2020/06/11 20:09:43 [test]
[INFO][tag.go:100]2020/06/11 20:41:01 [1111111]
[INFO][tag.go:100]2020/06/11 20:41:02 [1111111]
[INFO][tag.go:100]2020/06/11 20:41:03 [1111111]
[INFO][tag.go:100]2020/06/11 20:41:04 [1111111]
[INFO][tag.go:100]2020/06/11 20:41:05 [1111111]
[INFO][tag.go:100]2020/06/11 20:41:06 [1111111]
[INFO][tag.go:100]2020/06/11 20:41:07 [1111111]
[INFO][tag.go:100]2020/06/11 20:41:08 [1111111]
[INFO][tag.go:100]2020/06/11 20:41:09 [1111111]
[INFO][tag.go:100]2020/06/11 20:41:10 [1111111]
[INFO][tag.go:100]2020/06/11 20:41:11 [1111111]
[INFO][tag.go:100]2020/06/11 20:42:07 [1111111]
[INFO][tag.go:100]2020/06/11 20:42:08 [1111111]
[INFO][tag.go:100]2020/06/11 20:42:09 [1111111]
[INFO][tag.go:100]2020/06/11 20:42:10 [1111111]
[INFO][tag.go:100]2020/06/11 20:42:11 [1111111]
[INFO][tag.go:100]2020/06/11 20:42:12 [1111111]
[INFO][tag.go:100]2020/06/11 20:42:13 [1111111]
[INFO][tag.go:100]2020/06/11 20:42:14 [1111111]
[INFO][tag.go:100]2020/06/11 20:42:15 [1111111]
[INFO][tag.go:100]2020/06/11 20:42:16 [1111111]
[INFO][tag.go:100]2020/06/11 20:42:17 [1111111]
[INFO][tag.go:100]2020/06/11 20:42:18 [1111111]
[INFO][tag.go:100]2020/06/11 20:42:19 [1111111]
[INFO][tag.go:100]2020/06/11 20:42:20 [1111111]
[INFO][tag.go:100]2020/06/11 20:42:21 [1111111]
[INFO][tag.go:100]2020/06/11 20:42:22 [1111111]
[INFO][tag.go:100]2020/06/11 20:42:23 [1111111]
[INFO][tag.go:100]2020/06/11 20:42:24 [1111111]
[INFO][tag.go:100]2020/06/11 20:42:25 [1111111]
[INFO][tag.go:100]2020/06/11 20:42:26 [1111111]
[INFO][tag.go:100]2020/06/11 20:42:27 [1111111]
[INFO][tag.go:100]2020/06/11 20:42:28 [1111111]
[INFO][tag.go:100]2020/06/11 20:42:29 [1111111]
[INFO][tag.go:100]2020/06/11 20:42:30 [1111111]
[INFO][tag.go:100]2020/06/11 20:42:31 [1111111]
[INFO][tag.go:100]2020/06/11 20:42:32 [1111111]
[INFO][tag.go:100]2020/06/11 20:42:33 [1111111]
[INFO][tag.go:100]2020/06/11 20:42:34 [1111111]
[INFO][tag.go:100]2020/06/11 20:42:35 [1111111]
[INFO][tag.go:100]2020/06/11 20:42:36 [1111111]
[INFO][tag.go:100]2020/06/11 20:42:37 [1111111]
[INFO][tag.go:100]2020/06/11 20:42:38 [1111111]
[INFO][tag.go:100]2020/06/11 20:42:39 [1111111]
[INFO][tag.go:100]2020/06/11 20:42:40 [1111111]
[INFO][tag.go:100]2020/06/11 20:42:43 [1111111]
[INFO][tag.go:100]2020/06/11 20:42:44 [1111111]
[INFO][tag.go:100]2020/06/11 20:42:45 [1111111]
[INFO][tag.go:100]2020/06/11 20:42:46 [1111111]
[INFO][tag.go:100]2020/06/11 20:42:47 [1111111]
[INFO][tag.go:100]2020/06/11 20:42:48 [1111111]
[INFO][tag.go:100]2020/06/11 20:42:49 [1111111]
[INFO][tag.go:100]2020/06/11 20:42:50 [1111111]
[INFO][tag.go:100]2020/06/11 20:42:51 [1111111]
[INFO][tag.go:100]2020/06/11 20:42:52 [1111111]
[INFO][tag.go:100]2020/06/11 20:42:53 [1111111]
[INFO][tag.go:100]2020/06/11 20:42:54 [1111111]
[INFO][tag.go:100]2020/06/11 20:42:55 [1111111]
[INFO][tag.go:100]2020/06/11 20:42:56 [1111111]
[INFO][tag.go:100]2020/06/11 20:42:57 [1111111]
[INFO][tag.go:100]2020/06/11 20:42:58 [1111111]
[INFO][tag.go:100]2020/06/11 20:42:59 [1111111]
[INFO][tag.go:100]2020/06/11 20:43:00 [1111111]
[INFO][tag.go:100]2020/06/11 20:43:01 [1111111]
[INFO][tag.go:100]2020/06/11 20:43:02 [1111111]
[INFO][tag.go:100]2020/06/11 20:43:03 [1111111]
[INFO][tag.go:100]2020/06/11 20:43:04 [1111111]
[INFO][tag.go:100]2020/06/11 20:43:05 [1111111]
[INFO][tag.go:100]2020/06/11 20:43:06 [1111111]
[INFO][tag.go:100]2020/06/11 20:43:07 [1111111]
[INFO][tag.go:100]2020/06/11 20:43:08 [1111111]
[INFO][tag.go:100]2020/06/11 20:43:09 [1111111]
[INFO][tag.go:100]2020/06/11 20:43:10 [1111111]
[INFO][tag.go:100]2020/06/11 20:43:45 [1111111]
[INFO][tag.go:100]2020/06/11 20:43:46 [1111111]
[INFO][tag.go:100]2020/06/11 20:43:47 [1111111]
[INFO][tag.go:100]2020/06/11 20:43:48 [1111111]
[INFO][tag.go:100]2020/06/11 20:43:49 [1111111]
[INFO][tag.go:100]2020/06/11 20:43:50 [1111111]
[INFO][tag.go:100]2020/06/11 20:43:51 [1111111]
[INFO][tag.go:100]2020/06/11 20:43:52 [1111111]
[INFO][tag.go:100]2020/06/11 20:43:53 [1111111]
[INFO][tag.go:100]2020/06/11 20:43:54 [1111111]
[INFO][tag.go:100]2020/06/11 20:43:55 [1111111]
[INFO][tag.go:100]2020/06/11 20:43:56 [1111111]
[INFO][tag.go:100]2020/06/11 20:43:57 [1111111]
[INFO][tag.go:100]2020/06/11 20:43:58 [1111111]
[INFO][tag.go:100]2020/06/11 20:43:59 [1111111]
[INFO][tag.go:100]2020/06/11 20:44:00 [1111111]
[INFO][tag.go:100]2020/06/11 20:44:01 [1111111]
[INFO][tag.go:100]2020/06/11 20:44:02 [1111111]
[INFO][tag.go:100]2020/06/11 20:44:03 [1111111]
[INFO][tag.go:100]2020/06/11 20:44:04 [1111111]
[INFO][tag.go:100]2020/06/11 20:44:05 [1111111]
[INFO][tag.go:100]2020/06/11 20:44:06 [1111111]
[INFO][tag.go:100]2020/06/11 20:44:07 [1111111]
[INFO][tag.go:100]2020/06/11 20:44:08 [1111111]
[INFO][tag.go:100]2020/06/11 20:44:09 [1111111]
[INFO][tag.go:100]2020/06/11 20:44:10 [1111111]
[INFO][tag.go:100]2020/06/11 20:44:11 [1111111]
[INFO][tag.go:100]2020/06/11 20:44:12 [1111111]
[INFO][tag.go:100]2020/06/11 20:44:13 [1111111]
[INFO][tag.go:100]2020/06/11 20:44:14 [1111111]
[INFO][tag.go:100]2020/06/11 20:44:15 [1111111]
[INFO][tag.go:100]2020/06/11 20:44:16 [1111111]
[INFO][tag.go:100]2020/06/11 20:44:17 [1111111]
[INFO][tag.go:100]2020/06/11 20:44:18 [1111111]
[INFO][tag.go:100]2020/06/11 20:44:19 [1111111]
[INFO][tag.go:100]2020/06/11 20:44:20 [1111111]
[INFO][tag.go:100]2020/06/11 20:44:21 [1111111]
[INFO][tag.go:100]2020/06/11 20:44:22 [1111111]
[INFO][tag.go:100]2020/06/11 20:44:23 [1111111]
[INFO][tag.go:100]2020/06/11 20:44:24 [1111111]
[INFO][tag.go:100]2020/06/11 20:44:25 [1111111]
[INFO][tag.go:100]2020/06/11 20:44:26 [1111111]
[INFO][tag.go:100]2020/06/11 20:44:27 [1111111]
[INFO][tag.go:100]2020/06/11 20:44:28 [1111111]
