[INFO][main.go:29]2020/06/13 17:05:34 [Actual pid is %d 20326]
[INFO][auth.go:31]2020/06/13 17:05:43 [test]
[INFO][auth.go:31]2020/06/13 17:05:44 [test]
[INFO][auth.go:31]2020/06/13 17:05:57 [test]
[INFO][auth.go:31]2020/06/13 17:05:57 [test]
[INFO][auth.go:31]2020/06/13 17:05:58 [test]
[INFO][main.go:29]2020/06/13 17:09:35 [Actual pid is %d 23100]
[INFO][auth.go:31]2020/06/13 17:09:45 [test]
[INFO][main.go:29]2020/06/13 17:10:41 [Actual pid is %d 23861]
[INFO][auth.go:31]2020/06/13 17:10:48 [test]
[INFO][auth.go:31]2020/06/13 17:10:51 [test]
[INFO][auth.go:31]2020/06/13 17:10:53 [test]
[INFO][auth.go:31]2020/06/13 17:10:59 [test]
[INFO][auth.go:31]2020/06/13 17:11:00 [test]
[INFO][auth.go:31]2020/06/13 17:11:36 [test]
[INFO][auth.go:31]2020/06/13 17:14:44 [test]
[INFO][auth.go:31]2020/06/13 17:14:45 [test]
[INFO][auth.go:31]2020/06/13 17:15:09 [test]
[INFO][auth.go:31]2020/06/13 17:15:10 [test]
[INFO][auth.go:31]2020/06/13 17:15:35 [test]
[INFO][main.go:29]2020/06/13 17:17:07 [Actual pid is %d 28504]
[INFO][auth.go:31]2020/06/13 17:17:12 [test]
[INFO][auth.go:31]2020/06/13 17:17:13 [test]
[INFO][auth.go:31]2020/06/13 17:17:14 [test]
[INFO][auth.go:31]2020/06/13 17:17:14 [test]
[INFO][auth.go:31]2020/06/13 17:17:15 [test]
[INFO][auth.go:31]2020/06/13 17:17:15 [test]
[INFO][auth.go:31]2020/06/13 17:17:23 [test]
[INFO][auth.go:31]2020/06/13 17:17:27 [test]
[INFO][main.go:29]2020/06/13 17:18:45 [Actual pid is %d 29646]
[INFO][auth.go:31]2020/06/13 17:21:50 [test]
[INFO][auth.go:31]2020/06/13 17:24:06 [test]
[INFO][auth.go:31]2020/06/13 17:25:10 [test]
[INFO][main.go:29]2020/06/13 17:28:31 [Actual pid is %d 36650]
[INFO][auth.go:31]2020/06/13 17:36:15 [test]
[INFO][main.go:29]2020/06/13 17:42:59 [Actual pid is %d 46852]
[INFO][auth.go:31]2020/06/13 17:43:03 [test]
[INFO][auth.go:31]2020/06/13 17:43:26 [test]
[INFO][auth.go:31]2020/06/13 17:43:27 [test]
[INFO][auth.go:31]2020/06/13 17:56:12 [test]
[INFO][main.go:29]2020/06/13 17:56:25 [Actual pid is %d 56476]
[INFO][auth.go:31]2020/06/13 17:56:29 [test]
[INFO][auth.go:31]2020/06/13 17:57:04 [test]
[INFO][auth.go:31]2020/06/13 17:58:06 [test]
[INFO][router.go:19]2020/06/13 17:58:39 [<nil>]
[INFO][main.go:29]2020/06/13 17:58:39 [Actual pid is %d 58135]
[INFO][auth.go:31]2020/06/13 17:58:43 [test]
[INFO][auth.go:31]2020/06/13 17:58:47 [test]
[INFO][router.go:19]2020/06/13 17:59:13 [<nil> 22222]
[INFO][main.go:29]2020/06/13 17:59:13 [Actual pid is %d 58530]
[INFO][router.go:19]2020/06/13 17:59:33 [<nil> /Users/gavin.wang/go/src/gin-blog/runtime/access_log/log20200613.log]
[INFO][main.go:29]2020/06/13 17:59:33 [Actual pid is %d 58803]
[INFO][main.go:29]2020/06/13 18:02:02 [Actual pid is %d 60593]
[INFO][auth.go:31]2020/06/13 18:02:06 [test]
[INFO][auth.go:31]2020/06/13 18:02:07 [test]
[INFO][auth.go:31]2020/06/13 18:02:08 [test]
[INFO][main.go:29]2020/06/13 18:02:39 [Actual pid is %d 60997]
[INFO][auth.go:31]2020/06/13 18:02:43 [test]
[INFO][auth.go:31]2020/06/13 18:02:51 [test]
[INFO][main.go:29]2020/06/13 18:05:30 [Actual pid is %d 63196]
[INFO][auth.go:31]2020/06/13 18:05:33 [test]
[INFO][auth.go:31]2020/06/13 18:05:35 [test]
[INFO][main.go:29]2020/06/13 18:06:25 [Actual pid is %d 63942]
[INFO][auth.go:31]2020/06/13 18:06:28 [test]
[INFO][auth.go:31]2020/06/13 18:06:29 [test]
[INFO][auth.go:31]2020/06/13 18:06:46 [test]
[INFO][auth.go:31]2020/06/13 18:06:47 [test]
[INFO][auth.go:31]2020/06/13 18:06:52 [test]
[INFO][main.go:29]2020/06/13 18:08:22 [Actual pid is %d 65438]
[INFO][auth.go:31]2020/06/13 18:08:26 [test]
[INFO][auth.go:31]2020/06/13 18:08:27 [test]
