[INFO][main.go:29]2020/06/15 11:07:42 [Actual pid is %d 90225]
[INFO][main.go:29]2020/06/15 11:11:17 [Actual pid is %d 92847]
[INFO][auth.go:31]2020/06/15 11:11:21 [test]
[INFO][auth.go:31]2020/06/15 11:11:25 [test]
[INFO][auth.go:31]2020/06/15 11:11:26 [test]
[INFO][main.go:29]2020/06/15 11:43:38 [Actual pid is %d 16346]
[INFO][auth.go:31]2020/06/15 11:43:43 [test]
[INFO][auth.go:31]2020/06/15 11:43:44 [test]
[ERROR][jwt.go:38]2020/06/15 12:08:59 [Token鉴权失败]
[INFO][main.go:29]2020/06/15 12:09:15 [Actual pid is %d 34771]
[WARN][upload.go:44]2020/06/15 12:09:53 [open runtime/upload/images/dbc4d84bfcfe2284ba11beffb853a8c4.png: no such file or directory]
[INFO][main.go:29]2020/06/15 14:06:58 [Actual pid is %d 18041]
[INFO][upload.go:44]2020/06/15 14:07:15 [0xc0000c4140 runtime/upload/images/dbc4d84bfcfe2284ba11beffb853a8c4.png]
[WARN][upload.go:45]2020/06/15 14:07:15 [open runtime/upload/images/dbc4d84bfcfe2284ba11beffb853a8c4.png: no such file or directory]
[INFO][upload.go:44]2020/06/15 14:07:55 [0xc0000720a0 runtime/upload/images/dbc4d84bfcfe2284ba11beffb853a8c4.png]
[WARN][upload.go:45]2020/06/15 14:07:55 [open runtime/upload/images/dbc4d84bfcfe2284ba11beffb853a8c4.png: no such file or directory]
[INFO][main.go:29]2020/06/15 14:08:22 [Actual pid is %d 19063]
[INFO][upload.go:44]2020/06/15 14:08:24 [0xc0001bd8b0 runtime/upload/images/dbc4d84bfcfe2284ba11beffb853a8c4.png]
[WARN][upload.go:45]2020/06/15 14:08:24 [open runtime/upload/images/dbc4d84bfcfe2284ba11beffb853a8c4.png: no such file or directory]
[INFO][main.go:29]2020/06/15 14:11:42 [Actual pid is %d 21457]
[INFO][upload.go:40]2020/06/15 14:11:56 [runtime/upload/images/ <nil>]
[INFO][upload.go:45]2020/06/15 14:11:56 [0xc0001bd270 runtime/upload/images/dbc4d84bfcfe2284ba11beffb853a8c4.png]
[WARN][upload.go:46]2020/06/15 14:11:56 [open runtime/upload/images/dbc4d84bfcfe2284ba11beffb853a8c4.png: no such file or directory]
[INFO][main.go:29]2020/06/15 14:13:47 [Actual pid is %d 23000]
[INFO][upload.go:50]2020/06/15 14:13:49 [0xc0001e37c0 /Users/gavin.wang/go/src/gin-blog/runtime/upload/images/dbc4d84bfcfe2284ba11beffb853a8c4.png]
[WARN][upload.go:51]2020/06/15 14:13:49 [open /Users/gavin.wang/go/src/gin-blog/runtime/upload/images/dbc4d84bfcfe2284ba11beffb853a8c4.png: no such file or directory]
[INFO][main.go:29]2020/06/15 14:26:12 [Actual pid is %d 31859]
[ERROR][jwt.go:38]2020/06/15 14:40:52 [请求参数错误]
[INFO][main.go:29]2020/06/15 14:41:04 [Actual pid is %d 42490]
[ERROR][jwt.go:38]2020/06/15 14:41:12 [请求参数错误]
[INFO][auth.go:31]2020/06/15 14:42:13 [test]
[INFO][article.go:107]2020/06/15 14:42:22 []
[INFO][article.go:137]2020/06/15 14:42:22 [err.key: %s, err.message: %s created_by 创建人不能为空]
[INFO][article.go:107]2020/06/15 14:42:50 []
[INFO][article.go:107]2020/06/15 14:45:08 [upload/images/abf14ffd60451bc74be025d0adb77cae.jpg]
