[GIN-debug] [WARNING] Running in "debug" mode. Switch to "release" mode in production.
 - using env:	export GIN_MODE=release
 - using code:	gin.SetMode(gin.ReleaseMode)

[GIN-debug] GET    /upload/images/*filepath  --> github.com/gin-gonic/gin.(*RouterGroup).createStaticHandler.func1 (3 handlers)
[GIN-debug] HEAD   /upload/images/*filepath  --> github.com/gin-gonic/gin.(*RouterGroup).createStaticHandler.func1 (3 handlers)
[GIN-debug] GET    /auth                     --> gin-blog/routers/api.GetAuth (3 handlers)
[GIN-debug] POST   /upload                   --> gin-blog/routers/api.UploadImage (3 handlers)
[GIN-debug] GET    /test                     --> gin-blog/routers.InitRouter.func1 (3 handlers)
[GIN-debug] GET    /api/v1/tags              --> gin-blog/routers/v1.GetTags (4 handlers)
[GIN-debug] POST   /api/v1/tags              --> gin-blog/routers/v1.AddTag (4 handlers)
[GIN-debug] PUT    /api/v1/tags/:id          --> gin-blog/routers/v1.EditTag (4 handlers)
[GIN-debug] DELETE /api/v1/tags/:id          --> gin-blog/routers/v1.DeleteTag (4 handlers)
[GIN-debug] GET    /api/v1/articles          --> gin-blog/routers/v1.GetArticles (4 handlers)
[GIN-debug] GET    /api/v1/articles/:id      --> gin-blog/routers/v1.GetArticle (4 handlers)
[GIN-debug] POST   /api/v1/articles          --> gin-blog/routers/v1.AddArticle (4 handlers)
[GIN-debug] PUT    /api/v1/articles/:id      --> gin-blog/routers/v1.EditArticle (4 handlers)
[GIN-debug] DELETE /api/v1/articles/:id      --> gin-blog/routers/v1.DeleteArticle (4 handlers)
[GIN] 2020/06/15 - 15:20:16 | 401 |     519.354µs |       127.0.0.1 | DELETE   "/api/v1/articles/11?token=eyJhbGciOiJIUzI1NiIsInR5cCI6IkpXVCJ9.eyJ1c2VybmFtZSI6InRlc3QiLCJwYXNzd29yZCI6InRlc3QxMjM0NTYiLCJleHAiOjE1OTE4NzIzODgsImlzcyI6Imdpbi1ibG9nIn0.Zc-YTQJ0I-9pelq6IREiLmG3ZQmgL-qQacSj_eJTF64"
[GIN] 2020/06/15 - 15:20:26 | 200 |   11.064105ms |  192.168.20.216 | GET      "/auth?username=test&password=test123456"
[GIN] 2020/06/15 - 15:20:33 | 500 |    1.514105ms |       127.0.0.1 | DELETE   "/api/v1/articles/11?token=eyJhbGciOiJIUzI1NiIsInR5cCI6IkpXVCJ9.eyJ1c2VybmFtZSI6InRlc3QiLCJwYXNzd29yZCI6InRlc3QxMjM0NTYiLCJleHAiOjE1OTIyMTY0MjYsImlzcyI6Imdpbi1ibG9nIn0.Il0r_ecD3NTX0Qni1Yyg1hGRnddQWwwirutkb59dN1o"
